2021-04-29 20:55:40- INFO  - HV000001: Hibernate Validator 6.1.7.Final
2021-04-29 20:55:40- INFO  - Starting DemoApplication using Java 11.0.9 on nowwater with PID 7596 (C:\Users\ggolo\Reliable-Chatting-Platform\server\build\classes\java\main started by ggolo in C:\Users\ggolo\Reliable-Chatting-Platform\server)
2021-04-29 20:55:40- INFO  - The following profiles are active: local
2021-04-29 20:55:41- WARN  - Exception encountered during context initialization - cancelling refresh attempt: org.springframework.beans.factory.BeanDefinitionStoreException: Failed to parse configuration class [com.Gongdae9.DemoApplication]; nested exception is java.io.FileNotFoundException: class path resource [org/springframework/web/socket/config/annotation/WebSocketMessageBrokerConfigurer.class] cannot be opened because it does not exist
2021-04-29 20:55:41- INFO  - 

Error starting ApplicationContext. To display the conditions report re-run your application with 'debug' enabled.
2021-04-29 20:55:41- ERROR - Application run failed
org.springframework.beans.factory.BeanDefinitionStoreException: Failed to parse configuration class [com.Gongdae9.DemoApplication]; nested exception is java.io.FileNotFoundException: class path resource [org/springframework/web/socket/config/annotation/WebSocketMessageBrokerConfigurer.class] cannot be opened because it does not exist
	at org.springframework.context.annotation.ConfigurationClassParser.parse(ConfigurationClassParser.java:189)
	at org.springframework.context.annotation.ConfigurationClassPostProcessor.processConfigBeanDefinitions(ConfigurationClassPostProcessor.java:331)
	at org.springframework.context.annotation.ConfigurationClassPostProcessor.postProcessBeanDefinitionRegistry(ConfigurationClassPostProcessor.java:247)
	at org.springframework.context.support.PostProcessorRegistrationDelegate.invokeBeanDefinitionRegistryPostProcessors(PostProcessorRegistrationDelegate.java:311)
	at org.springframework.context.support.PostProcessorRegistrationDelegate.invokeBeanFactoryPostProcessors(PostProcessorRegistrationDelegate.java:112)
	at org.springframework.context.support.AbstractApplicationContext.invokeBeanFactoryPostProcessors(AbstractApplicationContext.java:746)
	at org.springframework.context.support.AbstractApplicationContext.refresh(AbstractApplicationContext.java:564)
	at org.springframework.boot.web.servlet.context.ServletWebServerApplicationContext.refresh(ServletWebServerApplicationContext.java:144)
	at org.springframework.boot.SpringApplication.refresh(SpringApplication.java:769)
	at org.springframework.boot.SpringApplication.refresh(SpringApplication.java:761)
	at org.springframework.boot.SpringApplication.refreshContext(SpringApplication.java:426)
	at org.springframework.boot.SpringApplication.run(SpringApplication.java:326)
	at org.springframework.boot.SpringApplication.run(SpringApplication.java:1313)
	at org.springframework.boot.SpringApplication.run(SpringApplication.java:1302)
	at com.Gongdae9.DemoApplication.main(DemoApplication.java:15)
Caused by: java.io.FileNotFoundException: class path resource [org/springframework/web/socket/config/annotation/WebSocketMessageBrokerConfigurer.class] cannot be opened because it does not exist
	at org.springframework.core.io.ClassPathResource.getInputStream(ClassPathResource.java:187)
	at org.springframework.core.type.classreading.SimpleMetadataReader.getClassReader(SimpleMetadataReader.java:55)
	at org.springframework.core.type.classreading.SimpleMetadataReader.<init>(SimpleMetadataReader.java:49)
	at org.springframework.core.type.classreading.SimpleMetadataReaderFactory.getMetadataReader(SimpleMetadataReaderFactory.java:103)
	at org.springframework.boot.type.classreading.ConcurrentReferenceCachingMetadataReaderFactory.createMetadataReader(ConcurrentReferenceCachingMetadataReaderFactory.java:86)
	at org.springframework.boot.type.classreading.ConcurrentReferenceCachingMetadataReaderFactory.getMetadataReader(ConcurrentReferenceCachingMetadataReaderFactory.java:73)
	at org.springframework.core.type.classreading.SimpleMetadataReaderFactory.getMetadataReader(SimpleMetadataReaderFactory.java:81)
	at org.springframework.context.annotation.ConfigurationClassParser.asSourceClass(ConfigurationClassParser.java:696)
	at org.springframework.context.annotation.ConfigurationClassParser$SourceClass.getInterfaces(ConfigurationClassParser.java:1024)
	at org.springframework.context.annotation.ConfigurationClassParser.processInterfaces(ConfigurationClassParser.java:386)
	at org.springframework.context.annotation.ConfigurationClassParser.doProcessConfigurationClass(ConfigurationClassParser.java:332)
	at org.springframework.context.annotation.ConfigurationClassParser.processConfigurationClass(ConfigurationClassParser.java:250)
	at org.springframework.context.annotation.ConfigurationClassParser.parse(ConfigurationClassParser.java:199)
	at org.springframework.context.annotation.ConfigurationClassParser.doProcessConfigurationClass(ConfigurationClassParser.java:304)
	at org.springframework.context.annotation.ConfigurationClassParser.processConfigurationClass(ConfigurationClassParser.java:250)
	at org.springframework.context.annotation.ConfigurationClassParser.parse(ConfigurationClassParser.java:207)
	at org.springframework.context.annotation.ConfigurationClassParser.parse(ConfigurationClassParser.java:175)
	... 14 common frames omitted
2021-04-29 20:56:11- INFO  - HV000001: Hibernate Validator 6.1.7.Final
2021-04-29 20:56:11- INFO  - Starting DemoApplication using Java 11.0.9 on nowwater with PID 17320 (C:\Users\ggolo\Reliable-Chatting-Platform\server\build\classes\java\main started by ggolo in C:\Users\ggolo\Reliable-Chatting-Platform\server)
2021-04-29 20:56:11- INFO  - The following profiles are active: local
2021-04-29 20:56:12- INFO  - Bootstrapping Spring Data JPA repositories in DEFAULT mode.
2021-04-29 20:56:12- INFO  - Finished Spring Data repository scanning in 25 ms. Found 0 JPA repository interfaces.
2021-04-29 20:56:12- INFO  - Tomcat initialized with port(s): 8080 (http)
2021-04-29 20:56:12- INFO  - Initializing ProtocolHandler ["http-nio-8080"]
2021-04-29 20:56:12- INFO  - Starting service [Tomcat]
2021-04-29 20:56:12- INFO  - Starting Servlet engine: [Apache Tomcat/9.0.44]
2021-04-29 20:56:12- INFO  - Initializing Spring embedded WebApplicationContext
2021-04-29 20:56:12- INFO  - Root WebApplicationContext: initialization completed in 1732 ms
2021-04-29 20:56:12- INFO  - HHH000204: Processing PersistenceUnitInfo [name: default]
2021-04-29 20:56:13- INFO  - HHH000412: Hibernate ORM core version 5.4.29.Final
2021-04-29 20:56:13- INFO  - HCANN000001: Hibernate Commons Annotations {5.1.2.Final}
2021-04-29 20:56:13- DEBUG - Adding type registration boolean -> org.hibernate.type.BooleanType@521ba38f
2021-04-29 20:56:13- DEBUG - Adding type registration boolean -> org.hibernate.type.BooleanType@521ba38f
2021-04-29 20:56:13- DEBUG - Adding type registration java.lang.Boolean -> org.hibernate.type.BooleanType@521ba38f
2021-04-29 20:56:13- DEBUG - Adding type registration numeric_boolean -> org.hibernate.type.NumericBooleanType@184de357
2021-04-29 20:56:13- DEBUG - Adding type registration true_false -> org.hibernate.type.TrueFalseType@247bbfba
2021-04-29 20:56:13- DEBUG - Adding type registration yes_no -> org.hibernate.type.YesNoType@395281c2
2021-04-29 20:56:13- DEBUG - Adding type registration byte -> org.hibernate.type.ByteType@7ec13984
2021-04-29 20:56:13- DEBUG - Adding type registration byte -> org.hibernate.type.ByteType@7ec13984
2021-04-29 20:56:13- DEBUG - Adding type registration java.lang.Byte -> org.hibernate.type.ByteType@7ec13984
2021-04-29 20:56:13- DEBUG - Adding type registration character -> org.hibernate.type.CharacterType@782cc5fa
2021-04-29 20:56:13- DEBUG - Adding type registration char -> org.hibernate.type.CharacterType@782cc5fa
2021-04-29 20:56:13- DEBUG - Adding type registration java.lang.Character -> org.hibernate.type.CharacterType@782cc5fa
2021-04-29 20:56:13- DEBUG - Adding type registration short -> org.hibernate.type.ShortType@5086623f
2021-04-29 20:56:13- DEBUG - Adding type registration short -> org.hibernate.type.ShortType@5086623f
2021-04-29 20:56:13- DEBUG - Adding type registration java.lang.Short -> org.hibernate.type.ShortType@5086623f
2021-04-29 20:56:13- DEBUG - Adding type registration integer -> org.hibernate.type.IntegerType@2bf3ec4
2021-04-29 20:56:13- DEBUG - Adding type registration int -> org.hibernate.type.IntegerType@2bf3ec4
2021-04-29 20:56:13- DEBUG - Adding type registration java.lang.Integer -> org.hibernate.type.IntegerType@2bf3ec4
2021-04-29 20:56:13- DEBUG - Adding type registration long -> org.hibernate.type.LongType@559fd5ec
2021-04-29 20:56:13- DEBUG - Adding type registration long -> org.hibernate.type.LongType@559fd5ec
2021-04-29 20:56:13- DEBUG - Adding type registration java.lang.Long -> org.hibernate.type.LongType@559fd5ec
2021-04-29 20:56:13- DEBUG - Adding type registration float -> org.hibernate.type.FloatType@7ab2ba47
2021-04-29 20:56:13- DEBUG - Adding type registration float -> org.hibernate.type.FloatType@7ab2ba47
2021-04-29 20:56:13- DEBUG - Adding type registration java.lang.Float -> org.hibernate.type.FloatType@7ab2ba47
2021-04-29 20:56:13- DEBUG - Adding type registration double -> org.hibernate.type.DoubleType@1410d645
2021-04-29 20:56:13- DEBUG - Adding type registration double -> org.hibernate.type.DoubleType@1410d645
2021-04-29 20:56:13- DEBUG - Adding type registration java.lang.Double -> org.hibernate.type.DoubleType@1410d645
2021-04-29 20:56:13- DEBUG - Adding type registration big_decimal -> org.hibernate.type.BigDecimalType@6335f04a
2021-04-29 20:56:13- DEBUG - Adding type registration java.math.BigDecimal -> org.hibernate.type.BigDecimalType@6335f04a
2021-04-29 20:56:13- DEBUG - Adding type registration big_integer -> org.hibernate.type.BigIntegerType@67fac095
2021-04-29 20:56:13- DEBUG - Adding type registration java.math.BigInteger -> org.hibernate.type.BigIntegerType@67fac095
2021-04-29 20:56:13- DEBUG - Adding type registration string -> org.hibernate.type.StringType@6cbdd1c5
2021-04-29 20:56:13- DEBUG - Adding type registration java.lang.String -> org.hibernate.type.StringType@6cbdd1c5
2021-04-29 20:56:13- DEBUG - Adding type registration nstring -> org.hibernate.type.StringNVarcharType@586728e8
2021-04-29 20:56:13- DEBUG - Adding type registration ncharacter -> org.hibernate.type.CharacterNCharType@745926c3
2021-04-29 20:56:13- DEBUG - Adding type registration url -> org.hibernate.type.UrlType@1aac0a47
2021-04-29 20:56:13- DEBUG - Adding type registration java.net.URL -> org.hibernate.type.UrlType@1aac0a47
2021-04-29 20:56:13- DEBUG - Adding type registration Duration -> org.hibernate.type.DurationType@54bb1194
2021-04-29 20:56:13- DEBUG - Adding type registration java.time.Duration -> org.hibernate.type.DurationType@54bb1194
2021-04-29 20:56:13- DEBUG - Adding type registration Instant -> org.hibernate.type.InstantType@455da438
2021-04-29 20:56:13- DEBUG - Adding type registration java.time.Instant -> org.hibernate.type.InstantType@455da438
2021-04-29 20:56:13- DEBUG - Adding type registration LocalDateTime -> org.hibernate.type.LocalDateTimeType@40cf6254
2021-04-29 20:56:13- DEBUG - Adding type registration java.time.LocalDateTime -> org.hibernate.type.LocalDateTimeType@40cf6254
2021-04-29 20:56:13- DEBUG - Adding type registration LocalDate -> org.hibernate.type.LocalDateType@7848321e
2021-04-29 20:56:13- DEBUG - Adding type registration java.time.LocalDate -> org.hibernate.type.LocalDateType@7848321e
2021-04-29 20:56:13- DEBUG - Adding type registration LocalTime -> org.hibernate.type.LocalTimeType@48632f69
2021-04-29 20:56:13- DEBUG - Adding type registration java.time.LocalTime -> org.hibernate.type.LocalTimeType@48632f69
2021-04-29 20:56:13- DEBUG - Adding type registration OffsetDateTime -> org.hibernate.type.OffsetDateTimeType@e521067
2021-04-29 20:56:13- DEBUG - Adding type registration java.time.OffsetDateTime -> org.hibernate.type.OffsetDateTimeType@e521067
2021-04-29 20:56:13- DEBUG - Adding type registration OffsetTime -> org.hibernate.type.OffsetTimeType@8851ec
2021-04-29 20:56:13- DEBUG - Adding type registration java.time.OffsetTime -> org.hibernate.type.OffsetTimeType@8851ec
2021-04-29 20:56:13- DEBUG - Adding type registration ZonedDateTime -> org.hibernate.type.ZonedDateTimeType@24aedcc5
2021-04-29 20:56:13- DEBUG - Adding type registration java.time.ZonedDateTime -> org.hibernate.type.ZonedDateTimeType@24aedcc5
2021-04-29 20:56:13- DEBUG - Adding type registration date -> org.hibernate.type.DateType@76b5a559
2021-04-29 20:56:13- DEBUG - Adding type registration java.sql.Date -> org.hibernate.type.DateType@76b5a559
2021-04-29 20:56:13- DEBUG - Adding type registration time -> org.hibernate.type.TimeType@4403bff8
2021-04-29 20:56:13- DEBUG - Adding type registration java.sql.Time -> org.hibernate.type.TimeType@4403bff8
2021-04-29 20:56:13- DEBUG - Adding type registration timestamp -> org.hibernate.type.TimestampType@2c674d58
2021-04-29 20:56:13- DEBUG - Adding type registration java.sql.Timestamp -> org.hibernate.type.TimestampType@2c674d58
2021-04-29 20:56:13- DEBUG - Adding type registration java.util.Date -> org.hibernate.type.TimestampType@2c674d58
2021-04-29 20:56:13- DEBUG - Adding type registration dbtimestamp -> org.hibernate.type.DbTimestampType@2eb6d34a
2021-04-29 20:56:13- DEBUG - Adding type registration calendar -> org.hibernate.type.CalendarType@7f305f34
2021-04-29 20:56:13- DEBUG - Adding type registration java.util.Calendar -> org.hibernate.type.CalendarType@7f305f34
2021-04-29 20:56:13- DEBUG - Adding type registration java.util.GregorianCalendar -> org.hibernate.type.CalendarType@7f305f34
2021-04-29 20:56:13- DEBUG - Adding type registration calendar_date -> org.hibernate.type.CalendarDateType@68b3248a
2021-04-29 20:56:13- DEBUG - Adding type registration calendar_time -> org.hibernate.type.CalendarTimeType@134abd78
2021-04-29 20:56:13- DEBUG - Adding type registration locale -> org.hibernate.type.LocaleType@134d7ffa
2021-04-29 20:56:13- DEBUG - Adding type registration java.util.Locale -> org.hibernate.type.LocaleType@134d7ffa
2021-04-29 20:56:13- DEBUG - Adding type registration currency -> org.hibernate.type.CurrencyType@1cc708a7
2021-04-29 20:56:13- DEBUG - Adding type registration java.util.Currency -> org.hibernate.type.CurrencyType@1cc708a7
2021-04-29 20:56:13- DEBUG - Adding type registration timezone -> org.hibernate.type.TimeZoneType@698f4aa
2021-04-29 20:56:13- DEBUG - Adding type registration java.util.TimeZone -> org.hibernate.type.TimeZoneType@698f4aa
2021-04-29 20:56:13- DEBUG - Adding type registration class -> org.hibernate.type.ClassType@68a426c3
2021-04-29 20:56:13- DEBUG - Adding type registration java.lang.Class -> org.hibernate.type.ClassType@68a426c3
2021-04-29 20:56:13- DEBUG - Adding type registration uuid-binary -> org.hibernate.type.UUIDBinaryType@33215ffb
2021-04-29 20:56:13- DEBUG - Adding type registration java.util.UUID -> org.hibernate.type.UUIDBinaryType@33215ffb
2021-04-29 20:56:13- DEBUG - Adding type registration uuid-char -> org.hibernate.type.UUIDCharType@c6a692e
2021-04-29 20:56:13- DEBUG - Adding type registration binary -> org.hibernate.type.BinaryType@7de6549d
2021-04-29 20:56:13- DEBUG - Adding type registration byte[] -> org.hibernate.type.BinaryType@7de6549d
2021-04-29 20:56:13- DEBUG - Adding type registration [B -> org.hibernate.type.BinaryType@7de6549d
2021-04-29 20:56:13- DEBUG - Adding type registration wrapper-binary -> org.hibernate.type.WrapperBinaryType@352e5a82
2021-04-29 20:56:13- DEBUG - Adding type registration Byte[] -> org.hibernate.type.WrapperBinaryType@352e5a82
2021-04-29 20:56:13- DEBUG - Adding type registration [Ljava.lang.Byte; -> org.hibernate.type.WrapperBinaryType@352e5a82
2021-04-29 20:56:13- DEBUG - Adding type registration row_version -> org.hibernate.type.RowVersionType@7254838
2021-04-29 20:56:13- DEBUG - Adding type registration image -> org.hibernate.type.ImageType@a95cb11
2021-04-29 20:56:13- DEBUG - Adding type registration characters -> org.hibernate.type.CharArrayType@23bd047f
2021-04-29 20:56:13- DEBUG - Adding type registration char[] -> org.hibernate.type.CharArrayType@23bd047f
2021-04-29 20:56:13- DEBUG - Adding type registration [C -> org.hibernate.type.CharArrayType@23bd047f
2021-04-29 20:56:13- DEBUG - Adding type registration wrapper-characters -> org.hibernate.type.CharacterArrayType@7fac18dc
2021-04-29 20:56:13- DEBUG - Adding type registration [Ljava.lang.Character; -> org.hibernate.type.CharacterArrayType@7fac18dc
2021-04-29 20:56:13- DEBUG - Adding type registration Character[] -> org.hibernate.type.CharacterArrayType@7fac18dc
2021-04-29 20:56:13- DEBUG - Adding type registration text -> org.hibernate.type.TextType@2a4e939a
2021-04-29 20:56:13- DEBUG - Adding type registration ntext -> org.hibernate.type.NTextType@7c226095
2021-04-29 20:56:13- DEBUG - Adding type registration blob -> org.hibernate.type.BlobType@1c92a549
2021-04-29 20:56:13- DEBUG - Adding type registration java.sql.Blob -> org.hibernate.type.BlobType@1c92a549
2021-04-29 20:56:13- DEBUG - Adding type registration materialized_blob -> org.hibernate.type.MaterializedBlobType@708769b7
2021-04-29 20:56:13- DEBUG - Adding type registration clob -> org.hibernate.type.ClobType@36238b12
2021-04-29 20:56:13- DEBUG - Adding type registration java.sql.Clob -> org.hibernate.type.ClobType@36238b12
2021-04-29 20:56:13- DEBUG - Adding type registration nclob -> org.hibernate.type.NClobType@525b8922
2021-04-29 20:56:13- DEBUG - Adding type registration java.sql.NClob -> org.hibernate.type.NClobType@525b8922
2021-04-29 20:56:13- DEBUG - Adding type registration materialized_clob -> org.hibernate.type.MaterializedClobType@60c98f25
2021-04-29 20:56:13- DEBUG - Adding type registration materialized_nclob -> org.hibernate.type.MaterializedNClobType@74fc3fc7
2021-04-29 20:56:13- DEBUG - Adding type registration serializable -> org.hibernate.type.SerializableType@17354708
2021-04-29 20:56:13- DEBUG - Adding type registration object -> org.hibernate.type.ObjectType@8ac512e
2021-04-29 20:56:13- DEBUG - Adding type registration java.lang.Object -> org.hibernate.type.ObjectType@8ac512e
2021-04-29 20:56:13- DEBUG - Adding type registration imm_date -> org.hibernate.type.AdaptedImmutableType@674aa626
2021-04-29 20:56:13- DEBUG - Adding type registration imm_time -> org.hibernate.type.AdaptedImmutableType@4dd1d2bb
2021-04-29 20:56:13- DEBUG - Adding type registration imm_timestamp -> org.hibernate.type.AdaptedImmutableType@47198524
2021-04-29 20:56:13- DEBUG - Adding type registration imm_dbtimestamp -> org.hibernate.type.AdaptedImmutableType@67a0ff25
2021-04-29 20:56:13- DEBUG - Adding type registration imm_calendar -> org.hibernate.type.AdaptedImmutableType@55e91e61
2021-04-29 20:56:13- DEBUG - Adding type registration imm_calendar_date -> org.hibernate.type.AdaptedImmutableType@166e5a6d
2021-04-29 20:56:13- DEBUG - Adding type registration imm_binary -> org.hibernate.type.AdaptedImmutableType@1d55dd21
2021-04-29 20:56:13- DEBUG - Adding type registration imm_serializable -> org.hibernate.type.AdaptedImmutableType@7d6c4079
2021-04-29 20:56:13- INFO  - HikariPool-1 - Starting...
2021-04-29 20:56:13- INFO  - HikariPool-1 - Start completed.
2021-04-29 20:56:13- INFO  - HHH000400: Using dialect: org.hibernate.dialect.H2Dialect
2021-04-29 20:56:13- DEBUG - Scoping TypeConfiguration [org.hibernate.type.spi.TypeConfiguration@a55e82a] to MetadataBuildingContext [org.hibernate.boot.internal.MetadataBuildingContextRootImpl@70ee9d31]
2021-04-29 20:56:13- DEBUG - Scoping TypeConfiguration [org.hibernate.type.spi.TypeConfiguration@a55e82a] to SessionFactoryImpl [org.hibernate.internal.SessionFactoryImpl@5c3007d]
2021-04-29 20:56:14- INFO  - HHH000490: Using JtaPlatform implementation: [org.hibernate.engine.transaction.jta.platform.internal.NoJtaPlatform]
2021-04-29 20:56:14- TRACE - Handling #sessionFactoryCreated from [org.hibernate.internal.SessionFactoryImpl@5c3007d] for TypeConfiguration
2021-04-29 20:56:14- INFO  - Initialized JPA EntityManagerFactory for persistence unit 'default'
2021-04-29 20:56:14- WARN  - spring.jpa.open-in-view is enabled by default. Therefore, database queries may be performed during view rendering. Explicitly configure spring.jpa.open-in-view to disable this warning
2021-04-29 20:56:14- INFO  - Mapped URL path [/v2/api-docs] onto method [springfox.documentation.swagger2.web.Swagger2Controller#getDocumentation(String, HttpServletRequest)]
2021-04-29 20:56:14- INFO  - Initializing ExecutorService 'clientInboundChannelExecutor'
2021-04-29 20:56:14- INFO  - Initializing ExecutorService 'clientOutboundChannelExecutor'
2021-04-29 20:56:14- INFO  - Initializing ExecutorService 'messageBrokerTaskScheduler'
2021-04-29 20:56:14- INFO  - Initializing ExecutorService 'brokerChannelExecutor'
2021-04-29 20:56:15- INFO  - Adding welcome page: class path resource [static/index.html]
2021-04-29 20:56:15- WARN  - Cannot find template location: classpath:/templates/ (please add some templates or check your Thymeleaf configuration)
2021-04-29 20:56:15- INFO  - Starting ProtocolHandler ["http-nio-8080"]
2021-04-29 20:56:15- INFO  - Tomcat started on port(s): 8080 (http) with context path ''
2021-04-29 20:56:15- INFO  - Context refreshed
2021-04-29 20:56:15- INFO  - Found 1 custom documentation plugin(s)
2021-04-29 20:56:15- INFO  - Scanning for api listing references
2021-04-29 20:56:15- INFO  - Generating unique operation named: showAllUsingGET_1
2021-04-29 20:56:15- INFO  - Starting...
2021-04-29 20:56:15- INFO  - BrokerAvailabilityEvent[available=true, SimpleBrokerMessageHandler [org.springframework.messaging.simp.broker.DefaultSubscriptionRegistry@452a32f2]]
2021-04-29 20:56:15- INFO  - Started.
2021-04-29 20:56:15- INFO  - Started DemoApplication in 5.077 seconds (JVM running for 6.352)
2021-04-29 20:56:15- INFO  - logger test
2021-04-29 20:56:15- INFO  - test lombok
2021-04-29 20:56:25- INFO  - Initializing Spring DispatcherServlet 'dispatcherServlet'
2021-04-29 20:56:25- INFO  - Initializing Servlet 'dispatcherServlet'
2021-04-29 20:56:25- INFO  - Completed initialization in 1 ms
2021-04-29 20:57:36- INFO  - Starting DemoApplication using Java 11.0.9 on nowwater with PID 10084 (C:\Users\ggolo\Reliable-Chatting-Platform\server\build\classes\java\main started by ggolo in C:\Users\ggolo\Reliable-Chatting-Platform\server)
2021-04-29 20:57:36- INFO  - HV000001: Hibernate Validator 6.1.7.Final
2021-04-29 20:57:36- INFO  - The following profiles are active: local
2021-04-29 20:57:37- INFO  - Bootstrapping Spring Data JPA repositories in DEFAULT mode.
2021-04-29 20:57:37- INFO  - Finished Spring Data repository scanning in 27 ms. Found 0 JPA repository interfaces.
2021-04-29 20:57:37- INFO  - Tomcat initialized with port(s): 8080 (http)
2021-04-29 20:57:37- INFO  - Initializing ProtocolHandler ["http-nio-8080"]
2021-04-29 20:57:37- INFO  - Starting service [Tomcat]
2021-04-29 20:57:37- INFO  - Starting Servlet engine: [Apache Tomcat/9.0.44]
2021-04-29 20:57:37- INFO  - Initializing Spring embedded WebApplicationContext
2021-04-29 20:57:37- INFO  - Root WebApplicationContext: initialization completed in 1531 ms
2021-04-29 20:57:37- INFO  - HHH000204: Processing PersistenceUnitInfo [name: default]
2021-04-29 20:57:37- INFO  - HHH000412: Hibernate ORM core version 5.4.29.Final
2021-04-29 20:57:38- INFO  - HCANN000001: Hibernate Commons Annotations {5.1.2.Final}
2021-04-29 20:57:38- DEBUG - Adding type registration boolean -> org.hibernate.type.BooleanType@2bf3ec4
2021-04-29 20:57:38- DEBUG - Adding type registration boolean -> org.hibernate.type.BooleanType@2bf3ec4
2021-04-29 20:57:38- DEBUG - Adding type registration java.lang.Boolean -> org.hibernate.type.BooleanType@2bf3ec4
2021-04-29 20:57:38- DEBUG - Adding type registration numeric_boolean -> org.hibernate.type.NumericBooleanType@7df4709e
2021-04-29 20:57:38- DEBUG - Adding type registration true_false -> org.hibernate.type.TrueFalseType@bb12f41
2021-04-29 20:57:38- DEBUG - Adding type registration yes_no -> org.hibernate.type.YesNoType@285bf5ac
2021-04-29 20:57:38- DEBUG - Adding type registration byte -> org.hibernate.type.ByteType@4ccdacf5
2021-04-29 20:57:38- DEBUG - Adding type registration byte -> org.hibernate.type.ByteType@4ccdacf5
2021-04-29 20:57:38- DEBUG - Adding type registration java.lang.Byte -> org.hibernate.type.ByteType@4ccdacf5
2021-04-29 20:57:38- DEBUG - Adding type registration character -> org.hibernate.type.CharacterType@74ce7fdf
2021-04-29 20:57:38- DEBUG - Adding type registration char -> org.hibernate.type.CharacterType@74ce7fdf
2021-04-29 20:57:38- DEBUG - Adding type registration java.lang.Character -> org.hibernate.type.CharacterType@74ce7fdf
2021-04-29 20:57:38- DEBUG - Adding type registration short -> org.hibernate.type.ShortType@5a13f1f7
2021-04-29 20:57:38- DEBUG - Adding type registration short -> org.hibernate.type.ShortType@5a13f1f7
2021-04-29 20:57:38- DEBUG - Adding type registration java.lang.Short -> org.hibernate.type.ShortType@5a13f1f7
2021-04-29 20:57:38- DEBUG - Adding type registration integer -> org.hibernate.type.IntegerType@60816371
2021-04-29 20:57:38- DEBUG - Adding type registration int -> org.hibernate.type.IntegerType@60816371
2021-04-29 20:57:38- DEBUG - Adding type registration java.lang.Integer -> org.hibernate.type.IntegerType@60816371
2021-04-29 20:57:38- DEBUG - Adding type registration long -> org.hibernate.type.LongType@745926c3
2021-04-29 20:57:38- DEBUG - Adding type registration long -> org.hibernate.type.LongType@745926c3
2021-04-29 20:57:38- DEBUG - Adding type registration java.lang.Long -> org.hibernate.type.LongType@745926c3
2021-04-29 20:57:38- DEBUG - Adding type registration float -> org.hibernate.type.FloatType@1aac0a47
2021-04-29 20:57:38- DEBUG - Adding type registration float -> org.hibernate.type.FloatType@1aac0a47
2021-04-29 20:57:38- DEBUG - Adding type registration java.lang.Float -> org.hibernate.type.FloatType@1aac0a47
2021-04-29 20:57:38- DEBUG - Adding type registration double -> org.hibernate.type.DoubleType@54bb1194
2021-04-29 20:57:38- DEBUG - Adding type registration double -> org.hibernate.type.DoubleType@54bb1194
2021-04-29 20:57:38- DEBUG - Adding type registration java.lang.Double -> org.hibernate.type.DoubleType@54bb1194
2021-04-29 20:57:38- DEBUG - Adding type registration big_decimal -> org.hibernate.type.BigDecimalType@455da438
2021-04-29 20:57:38- DEBUG - Adding type registration java.math.BigDecimal -> org.hibernate.type.BigDecimalType@455da438
2021-04-29 20:57:38- DEBUG - Adding type registration big_integer -> org.hibernate.type.BigIntegerType@40cf6254
2021-04-29 20:57:38- DEBUG - Adding type registration java.math.BigInteger -> org.hibernate.type.BigIntegerType@40cf6254
2021-04-29 20:57:38- DEBUG - Adding type registration string -> org.hibernate.type.StringType@7848321e
2021-04-29 20:57:38- DEBUG - Adding type registration java.lang.String -> org.hibernate.type.StringType@7848321e
2021-04-29 20:57:38- DEBUG - Adding type registration nstring -> org.hibernate.type.StringNVarcharType@27261190
2021-04-29 20:57:38- DEBUG - Adding type registration ncharacter -> org.hibernate.type.CharacterNCharType@5fde1d64
2021-04-29 20:57:38- DEBUG - Adding type registration url -> org.hibernate.type.UrlType@3bab95ca
2021-04-29 20:57:38- DEBUG - Adding type registration java.net.URL -> org.hibernate.type.UrlType@3bab95ca
2021-04-29 20:57:38- DEBUG - Adding type registration Duration -> org.hibernate.type.DurationType@18b40fe6
2021-04-29 20:57:38- DEBUG - Adding type registration java.time.Duration -> org.hibernate.type.DurationType@18b40fe6
2021-04-29 20:57:38- DEBUG - Adding type registration Instant -> org.hibernate.type.InstantType@42ecc554
2021-04-29 20:57:38- DEBUG - Adding type registration java.time.Instant -> org.hibernate.type.InstantType@42ecc554
2021-04-29 20:57:38- DEBUG - Adding type registration LocalDateTime -> org.hibernate.type.LocalDateTimeType@24aedcc5
2021-04-29 20:57:38- DEBUG - Adding type registration java.time.LocalDateTime -> org.hibernate.type.LocalDateTimeType@24aedcc5
2021-04-29 20:57:38- DEBUG - Adding type registration LocalDate -> org.hibernate.type.LocalDateType@464400b3
2021-04-29 20:57:38- DEBUG - Adding type registration java.time.LocalDate -> org.hibernate.type.LocalDateType@464400b3
2021-04-29 20:57:38- DEBUG - Adding type registration LocalTime -> org.hibernate.type.LocalTimeType@4bdb04c8
2021-04-29 20:57:38- DEBUG - Adding type registration java.time.LocalTime -> org.hibernate.type.LocalTimeType@4bdb04c8
2021-04-29 20:57:38- DEBUG - Adding type registration OffsetDateTime -> org.hibernate.type.OffsetDateTimeType@7f012923
2021-04-29 20:57:38- DEBUG - Adding type registration java.time.OffsetDateTime -> org.hibernate.type.OffsetDateTimeType@7f012923
2021-04-29 20:57:38- DEBUG - Adding type registration OffsetTime -> org.hibernate.type.OffsetTimeType@25b74370
2021-04-29 20:57:38- DEBUG - Adding type registration java.time.OffsetTime -> org.hibernate.type.OffsetTimeType@25b74370
2021-04-29 20:57:38- DEBUG - Adding type registration ZonedDateTime -> org.hibernate.type.ZonedDateTimeType@6f106af8
2021-04-29 20:57:38- DEBUG - Adding type registration java.time.ZonedDateTime -> org.hibernate.type.ZonedDateTimeType@6f106af8
2021-04-29 20:57:38- DEBUG - Adding type registration date -> org.hibernate.type.DateType@20fcea37
2021-04-29 20:57:38- DEBUG - Adding type registration java.sql.Date -> org.hibernate.type.DateType@20fcea37
2021-04-29 20:57:38- DEBUG - Adding type registration time -> org.hibernate.type.TimeType@20dd5870
2021-04-29 20:57:38- DEBUG - Adding type registration java.sql.Time -> org.hibernate.type.TimeType@20dd5870
2021-04-29 20:57:38- DEBUG - Adding type registration timestamp -> org.hibernate.type.TimestampType@995ad50
2021-04-29 20:57:38- DEBUG - Adding type registration java.sql.Timestamp -> org.hibernate.type.TimestampType@995ad50
2021-04-29 20:57:38- DEBUG - Adding type registration java.util.Date -> org.hibernate.type.TimestampType@995ad50
2021-04-29 20:57:38- DEBUG - Adding type registration dbtimestamp -> org.hibernate.type.DbTimestampType@39851c5
2021-04-29 20:57:38- DEBUG - Adding type registration calendar -> org.hibernate.type.CalendarType@182cc69e
2021-04-29 20:57:38- DEBUG - Adding type registration java.util.Calendar -> org.hibernate.type.CalendarType@182cc69e
2021-04-29 20:57:38- DEBUG - Adding type registration java.util.GregorianCalendar -> org.hibernate.type.CalendarType@182cc69e
2021-04-29 20:57:38- DEBUG - Adding type registration calendar_date -> org.hibernate.type.CalendarDateType@6f289728
2021-04-29 20:57:38- DEBUG - Adding type registration calendar_time -> org.hibernate.type.CalendarTimeType@48ae9e8b
2021-04-29 20:57:38- DEBUG - Adding type registration locale -> org.hibernate.type.LocaleType@12214f2f
2021-04-29 20:57:38- DEBUG - Adding type registration java.util.Locale -> org.hibernate.type.LocaleType@12214f2f
2021-04-29 20:57:38- DEBUG - Adding type registration currency -> org.hibernate.type.CurrencyType@315b5913
2021-04-29 20:57:38- DEBUG - Adding type registration java.util.Currency -> org.hibernate.type.CurrencyType@315b5913
2021-04-29 20:57:38- DEBUG - Adding type registration timezone -> org.hibernate.type.TimeZoneType@39374689
2021-04-29 20:57:38- DEBUG - Adding type registration java.util.TimeZone -> org.hibernate.type.TimeZoneType@39374689
2021-04-29 20:57:38- DEBUG - Adding type registration class -> org.hibernate.type.ClassType@47fa3671
2021-04-29 20:57:38- DEBUG - Adding type registration java.lang.Class -> org.hibernate.type.ClassType@47fa3671
2021-04-29 20:57:38- DEBUG - Adding type registration uuid-binary -> org.hibernate.type.UUIDBinaryType@6029f2a4
2021-04-29 20:57:38- DEBUG - Adding type registration java.util.UUID -> org.hibernate.type.UUIDBinaryType@6029f2a4
2021-04-29 20:57:38- DEBUG - Adding type registration uuid-char -> org.hibernate.type.UUIDCharType@50bf795f
2021-04-29 20:57:38- DEBUG - Adding type registration binary -> org.hibernate.type.BinaryType@65fc8edc
2021-04-29 20:57:38- DEBUG - Adding type registration byte[] -> org.hibernate.type.BinaryType@65fc8edc
2021-04-29 20:57:38- DEBUG - Adding type registration [B -> org.hibernate.type.BinaryType@65fc8edc
2021-04-29 20:57:38- DEBUG - Adding type registration wrapper-binary -> org.hibernate.type.WrapperBinaryType@1c92a549
2021-04-29 20:57:38- DEBUG - Adding type registration Byte[] -> org.hibernate.type.WrapperBinaryType@1c92a549
2021-04-29 20:57:38- DEBUG - Adding type registration [Ljava.lang.Byte; -> org.hibernate.type.WrapperBinaryType@1c92a549
2021-04-29 20:57:38- DEBUG - Adding type registration row_version -> org.hibernate.type.RowVersionType@5bb97fe7
2021-04-29 20:57:38- DEBUG - Adding type registration image -> org.hibernate.type.ImageType@1282f784
2021-04-29 20:57:38- DEBUG - Adding type registration characters -> org.hibernate.type.CharArrayType@77ff14ce
2021-04-29 20:57:38- DEBUG - Adding type registration char[] -> org.hibernate.type.CharArrayType@77ff14ce
2021-04-29 20:57:38- DEBUG - Adding type registration [C -> org.hibernate.type.CharArrayType@77ff14ce
2021-04-29 20:57:38- DEBUG - Adding type registration wrapper-characters -> org.hibernate.type.CharacterArrayType@145a821d
2021-04-29 20:57:38- DEBUG - Adding type registration [Ljava.lang.Character; -> org.hibernate.type.CharacterArrayType@145a821d
2021-04-29 20:57:38- DEBUG - Adding type registration Character[] -> org.hibernate.type.CharacterArrayType@145a821d
2021-04-29 20:57:38- DEBUG - Adding type registration text -> org.hibernate.type.TextType@20c3b34b
2021-04-29 20:57:38- DEBUG - Adding type registration ntext -> org.hibernate.type.NTextType@491893f8
2021-04-29 20:57:38- DEBUG - Adding type registration blob -> org.hibernate.type.BlobType@6c5ae8fd
2021-04-29 20:57:38- DEBUG - Adding type registration java.sql.Blob -> org.hibernate.type.BlobType@6c5ae8fd
2021-04-29 20:57:38- DEBUG - Adding type registration materialized_blob -> org.hibernate.type.MaterializedBlobType@134c38
2021-04-29 20:57:38- DEBUG - Adding type registration clob -> org.hibernate.type.ClobType@77c692b4
2021-04-29 20:57:38- DEBUG - Adding type registration java.sql.Clob -> org.hibernate.type.ClobType@77c692b4
2021-04-29 20:57:38- DEBUG - Adding type registration nclob -> org.hibernate.type.NClobType@67a0ff25
2021-04-29 20:57:38- DEBUG - Adding type registration java.sql.NClob -> org.hibernate.type.NClobType@67a0ff25
2021-04-29 20:57:38- DEBUG - Adding type registration materialized_clob -> org.hibernate.type.MaterializedClobType@7d6c4079
2021-04-29 20:57:38- DEBUG - Adding type registration materialized_nclob -> org.hibernate.type.MaterializedNClobType@284d4885
2021-04-29 20:57:38- DEBUG - Adding type registration serializable -> org.hibernate.type.SerializableType@5fdb7394
2021-04-29 20:57:38- DEBUG - Adding type registration object -> org.hibernate.type.ObjectType@740c4868
2021-04-29 20:57:38- DEBUG - Adding type registration java.lang.Object -> org.hibernate.type.ObjectType@740c4868
2021-04-29 20:57:38- DEBUG - Adding type registration imm_date -> org.hibernate.type.AdaptedImmutableType@278de2b2
2021-04-29 20:57:38- DEBUG - Adding type registration imm_time -> org.hibernate.type.AdaptedImmutableType@1fc1c7e
2021-04-29 20:57:38- DEBUG - Adding type registration imm_timestamp -> org.hibernate.type.AdaptedImmutableType@75cacb3e
2021-04-29 20:57:38- DEBUG - Adding type registration imm_dbtimestamp -> org.hibernate.type.AdaptedImmutableType@61957d9c
2021-04-29 20:57:38- DEBUG - Adding type registration imm_calendar -> org.hibernate.type.AdaptedImmutableType@29c59b6e
2021-04-29 20:57:38- DEBUG - Adding type registration imm_calendar_date -> org.hibernate.type.AdaptedImmutableType@483b7dc4
2021-04-29 20:57:38- DEBUG - Adding type registration imm_binary -> org.hibernate.type.AdaptedImmutableType@6b8bdcc6
2021-04-29 20:57:38- DEBUG - Adding type registration imm_serializable -> org.hibernate.type.AdaptedImmutableType@213835b6
2021-04-29 20:57:38- INFO  - HikariPool-1 - Starting...
2021-04-29 20:57:38- INFO  - HikariPool-1 - Start completed.
2021-04-29 20:57:38- INFO  - HHH000400: Using dialect: org.hibernate.dialect.H2Dialect
2021-04-29 20:57:38- DEBUG - Scoping TypeConfiguration [org.hibernate.type.spi.TypeConfiguration@6febec41] to MetadataBuildingContext [org.hibernate.boot.internal.MetadataBuildingContextRootImpl@3de88f64]
2021-04-29 20:57:38- DEBUG - Scoping TypeConfiguration [org.hibernate.type.spi.TypeConfiguration@6febec41] to SessionFactoryImpl [org.hibernate.internal.SessionFactoryImpl@46fb9581]
2021-04-29 20:57:39- INFO  - HHH000490: Using JtaPlatform implementation: [org.hibernate.engine.transaction.jta.platform.internal.NoJtaPlatform]
2021-04-29 20:57:39- TRACE - Handling #sessionFactoryCreated from [org.hibernate.internal.SessionFactoryImpl@46fb9581] for TypeConfiguration
2021-04-29 20:57:39- INFO  - Initialized JPA EntityManagerFactory for persistence unit 'default'
2021-04-29 20:57:39- WARN  - spring.jpa.open-in-view is enabled by default. Therefore, database queries may be performed during view rendering. Explicitly configure spring.jpa.open-in-view to disable this warning
2021-04-29 20:57:39- INFO  - Mapped URL path [/v2/api-docs] onto method [springfox.documentation.swagger2.web.Swagger2Controller#getDocumentation(String, HttpServletRequest)]
2021-04-29 20:57:39- INFO  - Initializing ExecutorService 'clientInboundChannelExecutor'
2021-04-29 20:57:39- INFO  - Initializing ExecutorService 'clientOutboundChannelExecutor'
2021-04-29 20:57:39- INFO  - Initializing ExecutorService 'messageBrokerTaskScheduler'
2021-04-29 20:57:39- INFO  - Initializing ExecutorService 'brokerChannelExecutor'
2021-04-29 20:57:39- INFO  - Adding welcome page: class path resource [static/index.html]
2021-04-29 20:57:39- WARN  - Cannot find template location: classpath:/templates/ (please add some templates or check your Thymeleaf configuration)
2021-04-29 20:57:39- INFO  - Starting ProtocolHandler ["http-nio-8080"]
2021-04-29 20:57:39- INFO  - Tomcat started on port(s): 8080 (http) with context path ''
2021-04-29 20:57:39- INFO  - Context refreshed
2021-04-29 20:57:40- INFO  - Found 1 custom documentation plugin(s)
2021-04-29 20:57:40- INFO  - Scanning for api listing references
2021-04-29 20:57:40- INFO  - Generating unique operation named: showAllUsingGET_1
2021-04-29 20:57:40- INFO  - Starting...
2021-04-29 20:57:40- INFO  - BrokerAvailabilityEvent[available=true, SimpleBrokerMessageHandler [org.springframework.messaging.simp.broker.DefaultSubscriptionRegistry@471d6571]]
2021-04-29 20:57:40- INFO  - Started.
2021-04-29 20:57:40- INFO  - Started DemoApplication in 4.597 seconds (JVM running for 5.815)
2021-04-29 20:57:40- INFO  - logger test
2021-04-29 20:57:40- INFO  - 2021.4.29 - logback 적용 test
